# JRE version: Java(TM) SE Runtime Environment (8.0_40-b27) (build 1.8.0_40-b27)
# Java VM: Java HotSpot(TM) 64-Bit Server VM (25.40-b25 mixed mode bsd-amd64 compressed oops)
Heap:
 PSYoungGen      total 101888K, used 30420K [0x00000007b9580000, 0x00000007c0000000, 0x00000007c0000000)
  eden space 95744K, 26% used [0x00000007b9580000,0x00000007bae398d0,0x00000007bf300000)
  from space 6144K, 83% used [0x00000007bf300000,0x00000007bf7fb750,0x00000007bf900000)
  to   space 6656K, 0% used [0x00000007bf980000,0x00000007bf980000,0x00000007c0000000)
 ParOldGen       total 218624K, used 163675K [0x00000007ac000000, 0x00000007b9580000, 0x00000007b9580000)
  object space 218624K, 74% used [0x00000007ac000000,0x00000007b5fd6d20,0x00000007b9580000)
 Metaspace       used 53664K, capacity 64115K, committed 78208K, reserved 1110016K
  class space    used 8226K, capacity 12135K, committed 16768K, reserved 1048576K
GC Heap History (10 events):
Event: 441931.223 GC heap before
{Heap before GC invocations=2037 (full 6):
 PSYoungGen      total 102912K, used 101101K [0x00000007b9580000, 0x00000007c0000000, 0x00000007c0000000)
  eden space 96768K, 100% used [0x00000007b9580000,0x00000007bf400000,0x00000007bf400000)
  from space 6144K, 70% used [0x00000007bfa00000,0x00000007bfe3b750,0x00000007c0000000)
  to   space 6144K, 0% used [0x00000007bf400000,0x00000007bf400000,0x00000007bfa00000)
 ParOldGen       total 218624K, used 163475K [0x00000007ac000000, 0x00000007b9580000, 0x00000007b9580000)
  object space 218624K, 74% used [0x00000007ac000000,0x00000007b5fa4d20,0x00000007b9580000)
 Metaspace       used 53633K, capacity 64067K, committed 78208K, reserved 1110016K
  class space    used 8216K, capacity 12119K, committed 16768K, reserved 1048576K
Event: 441931.239 GC heap after
Heap after GC invocations=2037 (full 6):
 PSYoungGen      total 102912K, used 3981K [0x00000007b9580000, 0x00000007c0000000, 0x00000007c0000000)
  eden space 96768K, 0% used [0x00000007b9580000,0x00000007b9580000,0x00000007bf400000)
  from space 6144K, 64% used [0x00000007bf400000,0x00000007bf7e3750,0x00000007bfa00000)
  to   space 6144K, 0% used [0x00000007bfa00000,0x00000007bfa00000,0x00000007c0000000)
 ParOldGen       total 218624K, used 163571K [0x00000007ac000000, 0x00000007b9580000, 0x00000007b9580000)
  object space 218624K, 74% used [0x00000007ac000000,0x00000007b5fbcd20,0x00000007b9580000)
 Metaspace       used 53633K, capacity 64067K, committed 78208K, reserved 1110016K
  class space    used 8216K, capacity 12119K, committed 16768K, reserved 1048576K
}
Event: 441996.103 GC heap before
{Heap before GC invocations=2038 (full 6):
 PSYoungGen      total 102912K, used 100749K [0x00000007b9580000, 0x00000007c0000000, 0x00000007c0000000)
  eden space 96768K, 100% used [0x00000007b9580000,0x00000007bf400000,0x00000007bf400000)
  from space 6144K, 64% used [0x00000007bf400000,0x00000007bf7e3750,0x00000007bfa00000)
  to   space 6144K, 0% used [0x00000007bfa00000,0x00000007bfa00000,0x00000007c0000000)
 ParOldGen       total 218624K, used 163571K [0x00000007ac000000, 0x00000007b9580000, 0x00000007b9580000)
  object space 218624K, 74% used [0x00000007ac000000,0x00000007b5fbcd20,0x00000007b9580000)
 Metaspace       used 53633K, capacity 64067K, committed 78208K, reserved 1110016K
  class space    used 8216K, capacity 12119K, committed 16768K, reserved 1048576K
Event: 441996.231 GC heap after
Heap after GC invocations=2038 (full 6):
 PSYoungGen      total 101888K, used 4973K [0x00000007b9580000, 0x00000007c0000000, 0x00000007c0000000)
  eden space 95744K, 0% used [0x00000007b9580000,0x00000007b9580000,0x00000007bf300000)
  from space 6144K, 80% used [0x00000007bfa00000,0x00000007bfedb750,0x00000007c0000000)
  to   space 6656K, 0% used [0x00000007bf300000,0x00000007bf300000,0x00000007bf980000)
 ParOldGen       total 218624K, used 163603K [0x00000007ac000000, 0x00000007b9580000, 0x00000007b9580000)
  object space 218624K, 74% used [0x00000007ac000000,0x00000007b5fc4d20,0x00000007b9580000)
 Metaspace       used 53633K, capacity 64067K, committed 78208K, reserved 1110016K
  class space    used 8216K, capacity 12119K, committed 16768K, reserved 1048576K
}
Event: 442064.678 GC heap before
{Heap before GC invocations=2039 (full 6):
 PSYoungGen      total 101888K, used 100717K [0x00000007b9580000, 0x00000007c0000000, 0x00000007c0000000)
  eden space 95744K, 100% used [0x00000007b9580000,0x00000007bf300000,0x00000007bf300000)
  from space 6144K, 80% used [0x00000007bfa00000,0x00000007bfedb750,0x00000007c0000000)
  to   space 6656K, 0% used [0x00000007bf300000,0x00000007bf300000,0x00000007bf980000)
 ParOldGen       total 218624K, used 163603K [0x00000007ac000000, 0x00000007b9580000, 0x00000007b9580000)
  object space 218624K, 74% used [0x00000007ac000000,0x00000007b5fc4d20,0x00000007b9580000)
 Metaspace       used 53633K, capacity 64067K, committed 78208K, reserved 1110016K
  class space    used 8216K, capacity 12119K, committed 16768K, reserved 1048576K
Event: 442064.688 GC heap after
Heap after GC invocations=2039 (full 6):
 PSYoungGen      total 102400K, used 4621K [0x00000007b9580000, 0x00000007c0000000, 0x00000007c0000000)
  eden space 95744K, 0% used [0x00000007b9580000,0x00000007b9580000,0x00000007bf300000)
  from space 6656K, 69% used [0x00000007bf300000,0x00000007bf783750,0x00000007bf980000)
  to   space 6656K, 0% used [0x00000007bf980000,0x00000007bf980000,0x00000007c0000000)
 ParOldGen       total 218624K, used 163635K [0x00000007ac000000, 0x00000007b9580000, 0x00000007b9580000)
  object space 218624K, 74% used [0x00000007ac000000,0x00000007b5fccd20,0x00000007b9580000)
 Metaspace       used 53633K, capacity 64067K, committed 78208K, reserved 1110016K
  class space    used 8216K, capacity 12119K, committed 16768K, reserved 1048576K
}
Event: 442101.509 GC heap before
{Heap before GC invocations=2040 (full 6):
 PSYoungGen      total 102400K, used 100365K [0x00000007b9580000, 0x00000007c0000000, 0x00000007c0000000)
  eden space 95744K, 100% used [0x00000007b9580000,0x00000007bf300000,0x00000007bf300000)
  from space 6656K, 69% used [0x00000007bf300000,0x00000007bf783750,0x00000007bf980000)
  to   space 6656K, 0% used [0x00000007bf980000,0x00000007bf980000,0x00000007c0000000)
 ParOldGen       total 218624K, used 163635K [0x00000007ac000000, 0x00000007b9580000, 0x00000007b9580000)
  object space 218624K, 74% used [0x00000007ac000000,0x00000007b5fccd20,0x00000007b9580000)
 Metaspace       used 53654K, capacity 64115K, committed 78208K, reserved 1110016K
  class space    used 8224K, capacity 12135K, committed 16768K, reserved 1048576K
Event: 442101.528 GC heap after
Heap after GC invocations=2040 (full 6):
 PSYoungGen      total 101376K, used 4057K [0x00000007b9580000, 0x00000007bff00000, 0x00000007c0000000)
  eden space 95744K, 0% used [0x00000007b9580000,0x00000007b9580000,0x00000007bf300000)
  from space 5632K, 72% used [0x00000007bf980000,0x00000007bfd76568,0x00000007bff00000)
  to   space 6144K, 0% used [0x00000007bf300000,0x00000007bf300000,0x00000007bf900000)
 ParOldGen       total 218624K, used 163659K [0x00000007ac000000, 0x00000007b9580000, 0x00000007b9580000)
  object space 218624K, 74% used [0x00000007ac000000,0x00000007b5fd2d20,0x00000007b9580000)
 Metaspace       used 53654K, capacity 64115K, committed 78208K, reserved 1110016K
  class space    used 8224K, capacity 12135K, committed 16768K, reserved 1048576K
}
Event: 442233.252 GC heap before
{Heap before GC invocations=2041 (full 6):
 PSYoungGen      total 101376K, used 99801K [0x00000007b9580000, 0x00000007bff00000, 0x00000007c0000000)
  eden space 95744K, 100% used [0x00000007b9580000,0x00000007bf300000,0x00000007bf300000)
  from space 5632K, 72% used [0x00000007bf980000,0x00000007bfd76568,0x00000007bff00000)
  to   space 6144K, 0% used [0x00000007bf300000,0x00000007bf300000,0x00000007bf900000)
 ParOldGen       total 218624K, used 163659K [0x00000007ac000000, 0x00000007b9580000, 0x00000007b9580000)
  object space 218624K, 74% used [0x00000007ac000000,0x00000007b5fd2d20,0x00000007b9580000)
 Metaspace       used 53654K, capacity 64115K, committed 78208K, reserved 1110016K
  class space    used 8224K, capacity 12135K, committed 16768K, reserved 1048576K
Event: 442233.381 GC heap after
Heap after GC invocations=2041 (full 6):
 PSYoungGen      total 101888K, used 5101K [0x00000007b9580000, 0x00000007c0000000, 0x00000007c0000000)
  eden space 95744K, 0% used [0x00000007b9580000,0x00000007b9580000,0x00000007bf300000)
  from space 6144K, 83% used [0x00000007bf300000,0x00000007bf7fb750,0x00000007bf900000)
  to   space 6656K, 0% used [0x00000007bf980000,0x00000007bf980000,0x00000007c0000000)
 ParOldGen       total 218624K, used 163675K [0x00000007ac000000, 0x00000007b9580000, 0x00000007b9580000)
  object space 218624K, 74% used [0x00000007ac000000,0x00000007b5fd6d20,0x00000007b9580000)
 Metaspace       used 53654K, capacity 64115K, committed 78208K, reserved 1110016K
  class space    used 8224K, capacity 12135K, committed 16768K, reserved 1048576K
}

